<?xml version="1.0" encoding="UTF-8"?>
<testng-results ignored="0" total="1" passed="1" failed="0" skipped="0">
  <reporter-output>
  </reporter-output>
  <suite started-at="2022-11-29T13:28:09 EET" name=" Suite" finished-at="2022-11-29T13:28:14 EET" duration-ms="5688">
    <groups>
    </groups>
    <test started-at="2022-11-29T13:28:09 EET" name="Headless" finished-at="2022-11-29T13:28:14 EET" duration-ms="5688">
      <class name="Test.Headless">
        <test-method is-config="true" signature="openBrowser()[pri:0, instance:Test.Headless@1040be71]" started-at="2022-11-29T13:28:09 EET" name="openBrowser" finished-at="2022-11-29T13:28:12 EET" duration-ms="3067" status="PASS">
          <reporter-output>
          </reporter-output>
        </test-method> <!-- openBrowser -->
        <test-method signature="HeadlessPosativeTest()[pri:0, instance:Test.Headless@1040be71]" started-at="2022-11-29T13:28:12 EET" name="HeadlessPosativeTest" finished-at="2022-11-29T13:28:14 EET" duration-ms="2421" status="PASS">
          <reporter-output>
          </reporter-output>
        </test-method> <!-- HeadlessPosativeTest -->
        <test-method is-config="true" signature="StopDriver()[pri:0, instance:Test.Headless@1040be71]" started-at="2022-11-29T13:28:14 EET" name="StopDriver" finished-at="2022-11-29T13:28:14 EET" duration-ms="125" status="PASS">
          <reporter-output>
          </reporter-output>
        </test-method> <!-- StopDriver -->
      </class> <!-- Test.Headless -->
    </test> <!-- Headless -->
  </suite> <!--  Suite -->
</testng-results>
